<?xml version="1.0" encoding="UTF-8"?>
<testsuite xmlns:xsi="http://www.w3.org/2001/XMLSchema-instance" xsi:noNamespaceSchemaLocation="https://maven.apache.org/surefire/maven-surefire-plugin/xsd/surefire-test-report.xsd" name="hr.fer.zemris.java.hw03.prob1.Prob1Test" time="0.157" tests="17" errors="4" skipped="12" failures="0">
  <properties>
[...]
</properties>
  <testcase name="testWordStartingWithEscape" classname="hr.fer.zemris.java.hw03.prob1.Prob1Test" time="0">
    <skipped message="public void hr.fer.zemris.java.hw03.prob1.Prob1Test.testWordStartingWithEscape() is @Disabled"/>
  </testcase>
  <testcase name="testTwoWords" classname="hr.fer.zemris.java.hw03.prob1.Prob1Test" time="0">
    <skipped message="public void hr.fer.zemris.java.hw03.prob1.Prob1Test.testTwoWords() is @Disabled"/>
  </testcase>
  <testcase name="testEmpty" classname="hr.fer.zemris.java.hw03.prob1.Prob1Test" time="0">
    <error type="java.lang.NullPointerException">java.lang.NullPointerException
	at hr.fer.zemris.java.hw03.prob1.Prob1Test.testEmpty(Prob1Test.java:29)
</error>
  </testcase>
  <testcase name="testSomeSymbols" classname="hr.fer.zemris.java.hw03.prob1.Prob1Test" time="0">
    <skipped message="public void hr.fer.zemris.java.hw03.prob1.Prob1Test.testSomeSymbols() is @Disabled"/>
  </testcase>
  <testcase name="testGetReturnsLastNext" classname="hr.fer.zemris.java.hw03.prob1.Prob1Test" time="0">
    <error type="java.lang.NullPointerException">java.lang.NullPointerException
	at hr.fer.zemris.java.hw03.prob1.Prob1Test.testGetReturnsLastNext(Prob1Test.java:38)
</error>
  </testcase>
  <testcase name="testNoActualContent" classname="hr.fer.zemris.java.hw03.prob1.Prob1Test" time="0">
    <skipped message="public void hr.fer.zemris.java.hw03.prob1.Prob1Test.testNoActualContent() is @Disabled"/>
  </testcase>
  <testcase name="testTooBigNumber" classname="hr.fer.zemris.java.hw03.prob1.Prob1Test" time="0">
    <skipped message="public void hr.fer.zemris.java.hw03.prob1.Prob1Test.testTooBigNumber() is @Disabled"/>
  </testcase>
  <testcase name="testRadAfterEOF" classname="hr.fer.zemris.java.hw03.prob1.Prob1Test" time="0">
    <error type="java.lang.NullPointerException">java.lang.NullPointerException
	at hr.fer.zemris.java.hw03.prob1.Prob1Test.testRadAfterEOF(Prob1Test.java:49)
</error>
  </testcase>
  <testcase name="testCombinedInput" classname="hr.fer.zemris.java.hw03.prob1.Prob1Test" time="0">
    <skipped message="public void hr.fer.zemris.java.hw03.prob1.Prob1Test.testCombinedInput() is @Disabled"/>
  </testcase>
  <testcase name="testWordWithManyEscapes" classname="hr.fer.zemris.java.hw03.prob1.Prob1Test" time="0">
    <skipped message="public void hr.fer.zemris.java.hw03.prob1.Prob1Test.testWordWithManyEscapes() is @Disabled"/>
  </testcase>
  <testcase name="testSingleEscapedDigit" classname="hr.fer.zemris.java.hw03.prob1.Prob1Test" time="0">
    <skipped message="public void hr.fer.zemris.java.hw03.prob1.Prob1Test.testSingleEscapedDigit() is @Disabled"/>
  </testcase>
  <testcase name="testInvalidEscape" classname="hr.fer.zemris.java.hw03.prob1.Prob1Test" time="0">
    <skipped message="public void hr.fer.zemris.java.hw03.prob1.Prob1Test.testInvalidEscape() is @Disabled"/>
  </testcase>
  <testcase name="testInvalidEscapeEnding" classname="hr.fer.zemris.java.hw03.prob1.Prob1Test" time="0">
    <skipped message="public void hr.fer.zemris.java.hw03.prob1.Prob1Test.testInvalidEscapeEnding() is @Disabled"/>
  </testcase>
  <testcase name="testNullInput" classname="hr.fer.zemris.java.hw03.prob1.Prob1Test" time="0.016"/>
  <testcase name="testNotNull" classname="hr.fer.zemris.java.hw03.prob1.Prob1Test" time="0">
    <error type="java.lang.NullPointerException">java.lang.NullPointerException
	at hr.fer.zemris.java.hw03.prob1.Prob1Test.testNotNull(Prob1Test.java:14)
</error>
  </testcase>
  <testcase name="testTwoNumbers" classname="hr.fer.zemris.java.hw03.prob1.Prob1Test" time="0">
    <skipped message="public void hr.fer.zemris.java.hw03.prob1.Prob1Test.testTwoNumbers() is @Disabled"/>
  </testcase>
  <testcase name="testWordWithManyEscapesAndNumbers" classname="hr.fer.zemris.java.hw03.prob1.Prob1Test" time="0">
    <skipped message="public void hr.fer.zemris.java.hw03.prob1.Prob1Test.testWordWithManyEscapesAndNumbers() is @Disabled"/>
  </testcase>
</testsuite>